i:\ant-sdk_pc.3.5\ant_lib\release\ant_lib.pdb
i:\ant-sdk_pc.3.5\ant_lib\release\usb_device_handle_libusb.obj
i:\ant-sdk_pc.3.5\ant_lib\release\usb_device.obj
i:\ant-sdk_pc.3.5\ant_lib\release\dsi_timer.obj
i:\ant-sdk_pc.3.5\ant_lib\release\dsi_silabs_library.obj
i:\ant-sdk_pc.3.5\ant_lib\release\dsi_serial_vcp.obj
i:\ant-sdk_pc.3.5\ant_lib\release\dsi_serial_si.obj
i:\ant-sdk_pc.3.5\ant_lib\release\dsi_serial_libusb.obj
i:\ant-sdk_pc.3.5\ant_lib\release\dsi_serial_generic.obj
i:\ant-sdk_pc.3.5\ant_lib\release\dsi_serial.obj
i:\ant-sdk_pc.3.5\ant_lib\release\dsi_libusb_library.obj
i:\ant-sdk_pc.3.5\ant_lib\release\dsi_framer_integrated_antfs_client.obj
i:\ant-sdk_pc.3.5\ant_lib\release\dsi_framer_ant.obj
i:\ant-sdk_pc.3.5\ant_lib\release\dsi_framer.obj
i:\ant-sdk_pc.3.5\ant_lib\release\dsi_debug.obj
i:\ant-sdk_pc.3.5\ant_lib\release\dsi_ant_device_polling.obj
i:\ant-sdk_pc.3.5\ant_lib\release\dsi_cm_library.obj
i:\ant-sdk_pc.3.5\ant_lib\release\dsi_ant_device.obj
i:\ant-sdk_pc.3.5\ant_lib\release\antfs_host_channel.obj
i:\ant-sdk_pc.3.5\ant_lib\release\antfs_host.obj
i:\ant-sdk_pc.3.5\ant_lib\release\antfs_client_channel.obj
i:\ant-sdk_pc.3.5\ant_lib\release\windevice.obj
i:\ant-sdk_pc.3.5\ant_lib\release\usb_device_si.obj
i:\ant-sdk_pc.3.5\ant_lib\release\usb_device_libusb.obj
i:\ant-sdk_pc.3.5\ant_lib\release\usb_device_handle_win.obj
i:\ant-sdk_pc.3.5\ant_lib\release\usb_device_handle_si.obj
i:\ant-sdk_pc.3.5\ant_lib\release\macros.obj
i:\ant-sdk_pc.3.5\ant_lib\release\dsi_thread_win32.obj
i:\ant-sdk_pc.3.5\ant_lib\release\dsi_convert.obj
i:\ant-sdk_pc.3.5\ant_lib\release\crc.obj
i:\ant-sdk_pc.3.5\ant_lib\release\checksum.obj
i:\ant-sdk_pc.3.5\ant_lib\release\antfs_directory.obj
i:\ant-sdk_pc.3.5\release\ant_lib.lib
i:\ant-sdk_pc.3.5\ant_lib\release\ant_lib.tlog\cl.read.1.tlog
i:\ant-sdk_pc.3.5\ant_lib\release\ant_lib.tlog\cl.write.1.tlog
i:\ant-sdk_pc.3.5\ant_lib\release\ant_lib.tlog\cl.command.1.tlog
i:\ant-sdk_pc.3.5\ant_lib\release\ant_lib.tlog\lib-link.read.1.tlog
i:\ant-sdk_pc.3.5\ant_lib\release\ant_lib.tlog\lib-link.write.1.tlog
i:\ant-sdk_pc.3.5\ant_lib\release\ant_lib.tlog\lib.command.1.tlog
